<?xml version="1.0" encoding="UTF-8"?>
<testng-results ignored="0" total="2" passed="2" failed="0" skipped="0">
  <reporter-output>
  </reporter-output>
  <suite started-at="2021-07-04T16:30:50 BDT" name="Suite" finished-at="2021-07-04T16:31:29 BDT" duration-ms="39795">
    <groups>
    </groups>
    <test started-at="2021-07-04T16:30:50 BDT" name="Test" finished-at="2021-07-04T16:31:29 BDT" duration-ms="39795">
      <class name="testCases.T01_HomepageValidation">
        <test-method is-config="true" signature="openBrowser()[pri:0, instance:testCases.T01_HomepageValidation@6ff29830]" started-at="2021-07-04T16:30:50 BDT" name="openBrowser" finished-at="2021-07-04T16:30:51 BDT" duration-ms="1754" status="PASS">
          <reporter-output>
          </reporter-output>
        </test-method> <!-- openBrowser -->
        <test-method signature="homepageValidation()[pri:0, instance:testCases.T01_HomepageValidation@6ff29830]" started-at="2021-07-04T16:30:51 BDT" name="homepageValidation" finished-at="2021-07-04T16:31:09 BDT" duration-ms="17845" status="PASS">
          <reporter-output>
          </reporter-output>
        </test-method> <!-- homepageValidation -->
        <test-method is-config="true" signature="tearDown()[pri:0, instance:testCases.T01_HomepageValidation@6ff29830]" started-at="2021-07-04T16:31:09 BDT" name="tearDown" finished-at="2021-07-04T16:31:09 BDT" duration-ms="82" status="PASS">
          <reporter-output>
          </reporter-output>
        </test-method> <!-- tearDown -->
      </class> <!-- testCases.T01_HomepageValidation -->
      <class name="testCases.T02_LoginpageValidation">
        <test-method is-config="true" signature="openBrowser()[pri:0, instance:testCases.T02_LoginpageValidation@6a2b953e]" started-at="2021-07-04T16:31:09 BDT" name="openBrowser" finished-at="2021-07-04T16:31:11 BDT" duration-ms="1215" status="PASS">
          <reporter-output>
          </reporter-output>
        </test-method> <!-- openBrowser -->
        <test-method signature="loginpage()[pri:0, instance:testCases.T02_LoginpageValidation@6a2b953e]" started-at="2021-07-04T16:31:11 BDT" name="loginpage" finished-at="2021-07-04T16:31:29 BDT" duration-ms="18278" status="PASS">
          <reporter-output>
          </reporter-output>
        </test-method> <!-- loginpage -->
        <test-method is-config="true" signature="tearDown()[pri:0, instance:testCases.T02_LoginpageValidation@6a2b953e]" started-at="2021-07-04T16:31:29 BDT" name="tearDown" finished-at="2021-07-04T16:31:29 BDT" duration-ms="582" status="PASS">
          <reporter-output>
          </reporter-output>
        </test-method> <!-- tearDown -->
      </class> <!-- testCases.T02_LoginpageValidation -->
    </test> <!-- Test -->
  </suite> <!-- Suite -->
</testng-results>
